2025-05-26 09:17:08.930  INFO main            .npn.users.IdentityApplication : Starting IdentityApplication using Java 21.0.7 with PID 60503 (/Volumes/Personal/Study/devteria/identity/target/classes started by npn.8219 in /Volumes/Personal/Study/devteria/identity)
2025-05-26 09:17:08.932 DEBUG main            .npn.users.IdentityApplication : Running with Spring Boot v3.4.5, Spring v6.2.6
2025-05-26 09:17:08.932  INFO main            .npn.users.IdentityApplication : No active profile set, falling back to 1 default profile: "default"
2025-05-26 09:17:09.244  INFO main            epositoryConfigurationDelegate : Bootstrapping Spring Data JPA repositories in DEFAULT mode.
2025-05-26 09:17:09.277  INFO main            epositoryConfigurationDelegate : Finished Spring Data repository scanning in 30 ms. Found 5 JPA repository interfaces.
2025-05-26 09:17:09.543  INFO main            mbedded.tomcat.TomcatWebServer : Tomcat initialized with port 8080 (http)
2025-05-26 09:17:09.550  INFO main            .catalina.core.StandardService : Starting service [Tomcat]
2025-05-26 09:17:09.551  INFO main            e.catalina.core.StandardEngine : Starting Servlet engine: [Apache Tomcat/10.1.40]
2025-05-26 09:17:09.573  INFO main            omcat].[localhost].[/identity] : Initializing Spring embedded WebApplicationContext
2025-05-26 09:17:09.573  INFO main            letWebServerApplicationContext : Root WebApplicationContext: initialization completed in 623 ms
2025-05-26 09:17:09.656  INFO main            te.jpa.internal.util.LogHelper : HHH000204: Processing PersistenceUnitInfo [name: default]
2025-05-26 09:17:09.686  INFO main            org.hibernate.Version          : HHH000412: Hibernate ORM core version 6.6.13.Final
2025-05-26 09:17:09.704  INFO main            nternal.RegionFactoryInitiator : HHH000026: Second-level cache disabled
2025-05-26 09:17:09.845  INFO main            unit.SpringPersistenceUnitInfo : No LoadTimeWeaver setup: ignoring JPA class transformer
2025-05-26 09:17:09.860  INFO main            zaxxer.hikari.HikariDataSource : HikariPool-1 - Starting...
2025-05-26 09:17:09.958  INFO main            .zaxxer.hikari.pool.HikariPool : HikariPool-1 - Added connection com.mysql.cj.jdbc.ConnectionImpl@3c7d8a4
2025-05-26 09:17:09.959  INFO main            zaxxer.hikari.HikariDataSource : HikariPool-1 - Start completed.
2025-05-26 09:17:09.993  WARN main            org.hibernate.orm.deprecation  : HHH90000025: MySQLDialect does not need to be specified explicitly using 'hibernate.dialect' (remove the property setting and it will be selected by default)
2025-05-26 09:17:10.492  INFO main            .internal.JtaPlatformInitiator : HHH000489: No JTA platform available (set 'hibernate.transaction.jta.platform' to enable JTA platform integration)
2025-05-26 09:17:10.973  INFO main            tainerEntityManagerFactoryBean : Initialized JPA EntityManagerFactory for persistence unit 'default'
2025-05-26 09:17:11.097  INFO main            ory.query.QueryEnhancerFactory : Hibernate is in classpath; If applicable, HQL parser will be used.
2025-05-26 09:17:11.441  WARN main            figuration$JpaWebConfiguration : spring.jpa.open-in-view is enabled by default. Therefore, database queries may be performed during view rendering. Explicitly configure spring.jpa.open-in-view to disable this warning
2025-05-26 09:17:11.700  INFO main            mbedded.tomcat.TomcatWebServer : Tomcat started on port 8080 (http) with context path '/identity'
2025-05-26 09:17:11.705  INFO main            .npn.users.IdentityApplication : Started IdentityApplication in 3.01 seconds (process running for 3.31)
2025-05-26 09:17:11.805  INFO main            n.users.config.ApplicationInit : Đã tạo 30 permissions
2025-05-26 09:17:12.030  WARN main            n.users.config.ApplicationInit : User admin: /users/1
2025-05-26 09:17:12.030  WARN main            n.users.config.ApplicationInit : Role: ADMIN
2025-05-26 09:17:12.030  WARN main            n.users.config.ApplicationInit : Role: USER
2025-05-26 09:17:12.049  WARN main            n.users.config.ApplicationInit : User user_test: /users/2
2025-05-26 09:17:12.049  WARN main            n.users.config.ApplicationInit : Role: USER
2025-05-26 09:17:12.062  WARN main            n.users.config.ApplicationInit : User guest_test: /users/3
2025-05-26 09:17:12.063  WARN main            n.users.config.ApplicationInit : Role: GUEST
2025-05-26 09:17:12.067  WARN main            n.users.config.ApplicationInit : All role = 
2025-05-26 09:17:12.067  WARN main            n.users.config.ApplicationInit : ADMIN permissions = 
2025-05-26 09:17:12.067  WARN main            n.users.config.ApplicationInit : PermissionEntity(name=CREATE_ROLE, description=Quyền tạo vai trò)
2025-05-26 09:17:12.068  WARN main            n.users.config.ApplicationInit : PermissionEntity(name=UPDATE_GUEST, description=Quyền cập nhật thông tin khách)
2025-05-26 09:17:12.068  WARN main            n.users.config.ApplicationInit : PermissionEntity(name=VIEW_USER, description=Quyền xem thông tin người dùng)
2025-05-26 09:17:12.068  WARN main            n.users.config.ApplicationInit : PermissionEntity(name=CREATE_PERMISSION, description=Quyền tạo quyền mới)
2025-05-26 09:17:12.068  WARN main            n.users.config.ApplicationInit : PermissionEntity(name=CREATE_ADMIN, description=Quyền tạo tài khoản admin)
2025-05-26 09:17:12.068  WARN main            n.users.config.ApplicationInit : PermissionEntity(name=UPDATE_ADMIN, description=Quyền cập nhật thông tin admin)
2025-05-26 09:17:12.068  WARN main            n.users.config.ApplicationInit : PermissionEntity(name=DELETE_TASK, description=Quyền xóa công việc)
2025-05-26 09:17:12.068  WARN main            n.users.config.ApplicationInit : PermissionEntity(name=CREATE_GROUP, description=Quyền tạo nhóm)
2025-05-26 09:17:12.068  WARN main            n.users.config.ApplicationInit : PermissionEntity(name=VIEW_GROUP, description=Quyền xem nhóm)
2025-05-26 09:17:12.068  WARN main            n.users.config.ApplicationInit : PermissionEntity(name=DELETE_GROUP, description=Quyền xóa nhóm)
2025-05-26 09:17:12.068  WARN main            n.users.config.ApplicationInit : PermissionEntity(name=VIEW_PERMISSION, description=Quyền xem danh sách quyền)
2025-05-26 09:17:12.068  WARN main            n.users.config.ApplicationInit : PermissionEntity(name=ADD_USER_TO_GROUP, description=Quyền thêm người dùng vào nhóm)
2025-05-26 09:17:12.068  WARN main            n.users.config.ApplicationInit : PermissionEntity(name=DELETE_PERMISSION, description=Quyền xóa quyền)
2025-05-26 09:17:12.068  WARN main            n.users.config.ApplicationInit : PermissionEntity(name=DELETE_ROLE, description=Quyền xóa vai trò)
2025-05-26 09:17:12.068  WARN main            n.users.config.ApplicationInit : PermissionEntity(name=CREATE_USER, description=Quyền tạo người dùng)
2025-05-26 09:17:12.068  WARN main            n.users.config.ApplicationInit : PermissionEntity(name=UPDATE_USER, description=Quyền cập nhật thông tin người dùng)
2025-05-26 09:17:12.068  WARN main            n.users.config.ApplicationInit : PermissionEntity(name=UPDATE_PERMISSION, description=Quyền cập nhật quyền)
2025-05-26 09:17:12.068  WARN main            n.users.config.ApplicationInit : PermissionEntity(name=REMOVE_USER_FROM_GROUP, description=Quyền xóa người dùng khỏi nhóm)
2025-05-26 09:17:12.068  WARN main            n.users.config.ApplicationInit : PermissionEntity(name=DELETE_USER, description=Quyền xóa người dùng)
2025-05-26 09:17:12.068  WARN main            n.users.config.ApplicationInit : PermissionEntity(name=DELETE_ADMIN, description=Quyền xóa tài khoản admin)
2025-05-26 09:17:12.068  WARN main            n.users.config.ApplicationInit : PermissionEntity(name=VIEW_GUEST, description=Quyền xem thông tin khách)
2025-05-26 09:17:12.068  WARN main            n.users.config.ApplicationInit : PermissionEntity(name=CREATE_GUEST, description=Quyền tạo tài khoản khách)
2025-05-26 09:17:12.068  WARN main            n.users.config.ApplicationInit : PermissionEntity(name=UPDATE_GROUP, description=Quyền cập nhật nhóm)
2025-05-26 09:17:12.068  WARN main            n.users.config.ApplicationInit : PermissionEntity(name=DELETE_GUEST, description=Quyền xóa tài khoản khách)
2025-05-26 09:17:12.068  WARN main            n.users.config.ApplicationInit : PermissionEntity(name=VIEW_ROLE, description=Quyền xem vai trò)
2025-05-26 09:17:12.068  WARN main            n.users.config.ApplicationInit : PermissionEntity(name=VIEW_TASK, description=Quyền xem công việc)
2025-05-26 09:17:12.068  WARN main            n.users.config.ApplicationInit : PermissionEntity(name=UPDATE_ROLE, description=Quyền cập nhật vai trò)
2025-05-26 09:17:12.068  WARN main            n.users.config.ApplicationInit : PermissionEntity(name=CREATE_TASK, description=Quyền tạo công việc)
2025-05-26 09:17:12.068  WARN main            n.users.config.ApplicationInit : PermissionEntity(name=UPDATE_TASK, description=Quyền cập nhật công việc)
2025-05-26 09:17:12.069  WARN main            n.users.config.ApplicationInit : PermissionEntity(name=VIEW_ADMIN, description=Quyền xem thông tin admin)
2025-05-26 09:17:12.069  WARN main            n.users.config.ApplicationInit : USER permissions = 
2025-05-26 09:17:12.069  WARN main            n.users.config.ApplicationInit : PermissionEntity(name=VIEW_USER, description=Quyền xem thông tin người dùng)
2025-05-26 09:17:12.069  WARN main            n.users.config.ApplicationInit : PermissionEntity(name=UPDATE_USER, description=Quyền cập nhật thông tin người dùng)
2025-05-26 09:17:12.069  WARN main            n.users.config.ApplicationInit : PermissionEntity(name=REMOVE_USER_FROM_GROUP, description=Quyền xóa người dùng khỏi nhóm)
2025-05-26 09:17:12.069  WARN main            n.users.config.ApplicationInit : PermissionEntity(name=VIEW_GUEST, description=Quyền xem thông tin khách)
2025-05-26 09:17:12.069  WARN main            n.users.config.ApplicationInit : PermissionEntity(name=CREATE_GUEST, description=Quyền tạo tài khoản khách)
2025-05-26 09:17:12.069  WARN main            n.users.config.ApplicationInit : PermissionEntity(name=UPDATE_GUEST, description=Quyền cập nhật thông tin khách)
2025-05-26 09:17:12.069  WARN main            n.users.config.ApplicationInit : PermissionEntity(name=CREATE_TASK, description=Quyền tạo công việc)
2025-05-26 09:17:12.069  WARN main            n.users.config.ApplicationInit : PermissionEntity(name=UPDATE_TASK, description=Quyền cập nhật công việc)
2025-05-26 09:17:12.069  WARN main            n.users.config.ApplicationInit : PermissionEntity(name=VIEW_ADMIN, description=Quyền xem thông tin admin)
2025-05-26 09:17:12.069  WARN main            n.users.config.ApplicationInit : PermissionEntity(name=VIEW_TASK, description=Quyền xem công việc)
2025-05-26 09:17:12.069  WARN main            n.users.config.ApplicationInit : PermissionEntity(name=VIEW_ROLE, description=Quyền xem vai trò)
2025-05-26 09:17:12.069  WARN main            n.users.config.ApplicationInit : PermissionEntity(name=VIEW_PERMISSION, description=Quyền xem danh sách quyền)
2025-05-26 09:17:12.069  WARN main            n.users.config.ApplicationInit : PermissionEntity(name=VIEW_GROUP, description=Quyền xem nhóm)
2025-05-26 09:17:12.069  WARN main            n.users.config.ApplicationInit : PermissionEntity(name=ADD_USER_TO_GROUP, description=Quyền thêm người dùng vào nhóm)
2025-05-26 09:17:12.069  WARN main            n.users.config.ApplicationInit : GUEST permissions = 
2025-05-26 09:17:12.069  WARN main            n.users.config.ApplicationInit : PermissionEntity(name=VIEW_GUEST, description=Quyền xem thông tin khách)
2025-05-26 09:17:12.069  WARN main            n.users.config.ApplicationInit : PermissionEntity(name=VIEW_TASK, description=Quyền xem công việc)
2025-05-26 09:17:12.069  WARN main            n.users.config.ApplicationInit : PermissionEntity(name=UPDATE_TASK, description=Quyền cập nhật công việc)
2025-05-26 09:17:12.075  WARN main            n.users.config.ApplicationInit : all user = 
2025-05-26 09:17:12.075  WARN main            n.users.config.ApplicationInit : admin has link = /users/1 and roles = ADMIN, USER
2025-05-26 09:17:12.075  WARN main            n.users.config.ApplicationInit : user_test has link = /users/2 and roles = USER
2025-05-26 09:17:12.075  WARN main            n.users.config.ApplicationInit : guest_test has link = /users/3 and roles = GUEST
2025-05-26 09:17:41.349  INFO http-nio-8080-exec-1 omcat].[localhost].[/identity] : Initializing Spring DispatcherServlet 'dispatcherServlet'
2025-05-26 09:17:41.349  INFO http-nio-8080-exec-1 .web.servlet.DispatcherServlet : Initializing Servlet 'dispatcherServlet'
2025-05-26 09:17:41.351  INFO http-nio-8080-exec-1 .web.servlet.DispatcherServlet : Completed initialization in 2 ms
2025-05-26 09:33:22.796  INFO SpringApplicationShutdownHook bedded.tomcat.GracefulShutdown : Commencing graceful shutdown. Waiting for active requests to complete
2025-05-26 09:33:24.808  INFO tomcat-shutdown bedded.tomcat.GracefulShutdown : Graceful shutdown complete
2025-05-26 09:33:24.820  INFO SpringApplicationShutdownHook tainerEntityManagerFactoryBean : Closing JPA EntityManagerFactory for persistence unit 'default'
2025-05-26 09:33:24.831  INFO SpringApplicationShutdownHook zaxxer.hikari.HikariDataSource : HikariPool-1 - Shutdown initiated...
2025-05-26 09:33:24.842  INFO SpringApplicationShutdownHook zaxxer.hikari.HikariDataSource : HikariPool-1 - Shutdown completed.
